add_approx 140358688583840 140358689009824
set_read_ber 0.000001
set_write_ber 0.000100
remove_approx 140358688583840 140358689009824
add_approx 140358688583840 140358689009824
set_read_ber 0.000001
set_write_ber 0.000100
add_approx 140358671949984 140358672375968
set_read_ber 0.000001
set_write_ber 0.000100
remove_approx 140358688583840 140358689009824
remove_approx 140358671949984 140358672375968
add_approx 140358671949984 140358672375968
set_read_ber 0.000001
set_write_ber 0.000100
add_approx 140358688583840 140358689009824
set_read_ber 0.000001
set_write_ber 0.000100
remove_approx 140358671949984 140358672375968
remove_approx 140358688583840 140358689009824
add_approx 140358671949984 140358672375968
set_read_ber 0.000001
set_write_ber 0.000100
add_approx 140358688583840 140358689009824
set_read_ber 0.000001
set_write_ber 0.000100
add_approx 19694080 20120064
set_read_ber 0.000001
set_write_ber 0.000100
remove_approx 140358671949984 140358672375968
remove_approx 140358688583840 140358689009824
remove_approx 19694080 20120064
add_approx 140358671949984 140358672375968
set_read_ber 0.000001
set_write_ber 0.000100
add_approx 140358688583840 140358689009824
set_read_ber 0.000001
set_write_ber 0.000100
add_approx 20962560 21388544
set_read_ber 0.000001
set_write_ber 0.000100
add_approx 19694080 20120064
set_read_ber 0.000001
set_write_ber 0.000100
remove_approx 140358671949984 140358672375968
remove_approx 140358688583840 140358689009824
remove_approx 20962560 21388544
remove_approx 19694080 20120064
add_approx 140358671949984 140358672375968
set_read_ber 0.000001
set_write_ber 0.000100
add_approx 140358688583840 140358689009824
set_read_ber 0.000001
set_write_ber 0.000100
add_approx 20962560 21388544
set_read_ber 0.000001
set_write_ber 0.000100
add_approx 19694080 20120064
set_read_ber 0.000001
set_write_ber 0.000100
remove_approx 140358671949984 140358672375968
remove_approx 140358688583840 140358689009824
remove_approx 20962560 21388544
remove_approx 19694080 20120064
add_approx 20962560 21388544
set_read_ber 0.000001
set_write_ber 0.000100
add_approx 140358671949984 140358672375968
set_read_ber 0.000001
set_write_ber 0.000100
add_approx 140358688583840 140358689009824
set_read_ber 0.000001
set_write_ber 0.000100
add_approx 19694080 20120064
set_read_ber 0.000001
set_write_ber 0.000100
remove_approx 20962560 21388544
remove_approx 140358671949984 140358672375968
remove_approx 140358688583840 140358689009824
remove_approx 19694080 20120064
#eof
